-2.0490497112008668
-0.20812787251594372
-0.16330318538455482
-0.12735696563158466
-0.2436001294607505
-0.23459327555454235
-0.12596403561667965
-0.24421509746238693
-0.28331364599396397
-0.10780086715703643
-0.2710156927868375
-0.30869287544221113
-0.1693323447922813
-0.28535232189510656
-0.3434797651801535
-0.11706682770072845
-0.29002643164065034
-0.35242213653298066
-0.12441111952781739
-0.2638839815800536
-0.3476051180572489
-0.09423327256104337
-0.2931100349908458
-0.3437961542544446
-0.04519809550410988
-0.3009631621624481
-0.3367945914086212
-0.010790590260249788
-0.16040755900702375
-0.21425610014720337
-0.6846782887096832
-0.1518810067106725
-0.21273446929867834
-0.6959564627165986
-0.14297836712740924
-0.20932164577166
-0.6424879353777406
-0.1623956249585586
-0.22923488586860258
-0.5641453508269233
-0.17350180346373553
-0.23737212453356288
-0.537500158087749
-0.20389142025458237
-0.2730193921823891
-0.5068618287130502
-0.20407181932188492
-0.28523775986229805
-0.48337447195602123
-0.1627881467097232
-0.2756965804197667
-0.49480144891482397
-0.1335585917843653
-0.2766376285400492
-0.4226743534522205
-0.12971919485720365
-0.28693867133165135
-0.354584038103785
-0.09818231499485965
-0.2879243567650863
-0.30560887935510217
-0.07928645251352834
-0.27413180624354333
-0.27845658938298334
-0.04973591789145447
-0.2367231319437202
-0.22961116474001989
-0.3800392670576927
-0.2916857427940837
-0.2219241674270292
-0.35708628911264184
-0.34890361894939387
-0.24923990972781251
-0.33358788064230127
-0.3763973066690655
-0.3711040390922907
-0.32265490604865427
-0.40615829199963555
-0.4209953617645967
-0.3217718523060482
-0.4114809612093711
-0.572867698050123
-0.32180960125450664
-0.40456468779295296
-0.686135377470485
-0.3100333785418959
-0.40471788266218256
-0.6987209796264104
-0.29437035857457255
-0.40221518481001134
-0.6957397605109764
-0.29348763638307557
-0.4182678629548775
-0.7109152132682209
-0.30957779360979026
-0.42769847317870263
-0.7316769904221033
-0.28016300718233117
-0.432197786300387
-0.719355557238278
-0.2595180660831385
-0.4257504135036049
-0.6367756077403595
-0.25147716929791025
-0.4114038146866654
-0.6269136005437256
-0.25135352889521007
-0.423650331371174
-0.5706919506137079
-0.23850053625184253
-0.4121448939774762
-0.5257830258197596
-0.19636774692235873
-0.3995880865013464
-0.47903538979841964
-0.19414214775266556
-0.39475222018201767
-0.4216293914258473
-0.17687628649935458
-0.37525101137622235
-0.3446833356872891
-0.14464987660371467
-0.37467217352479215
-0.2768032255832213
-0.13204192650874183
-0.3565279783125844
-0.24109402876637737
-0.06959494943540988
-0.3039105105045983
-0.19742417423265377
-0.3483685424808235
-0.27037452906025594
-0.290878796053503
-0.37263433154758857
-0.3366131633368828
-0.3069066480554994
-0.346266390737445
-0.38364418110751275
-0.35013720585508645
-0.35508709344581607
-0.40293382246541626
-0.4668968475653849
-0.35797709561851454
-0.41234680936660556
-0.498338010370629
-0.33126865417782675
-0.4195830140065507
-0.45669017197339457
-0.2911705968270789
-0.4079028481882313
-0.4572077213678943
-0.28662343912545046
-0.39956902836532565
-0.38365281037287474
-0.2787970754942147
-0.4043859630825014
-0.3548399795483618
-0.27840929120210245
-0.39403248479471414
-0.36024477340833894
-0.28877062845156165
-0.3972058978975076
-0.37260751854736374
-0.2799209724376267
-0.39416710063442195
-0.32460380600812255
-0.28874276353969786
-0.40295663503388546
-0.32187982319717046
-0.2826091938455643
-0.3921972356840959
-0.3217768585769617
-0.2939962229352561
-0.3916000470247052
-0.32905278026410584
-0.2807937755093264
-0.3916245164002631
-0.3126140228931429
-0.29426530287808983
-0.39149462020626125
-0.28658875079608653
-0.2845878380988895
-0.3777271717861024
-0.2261678938879948
-0.26980566814754753
-0.4627125680496668
-0.2587470825057999
-0.20643067564143414
-0.46045439094419294
-0.30186409163878164
-0.20346254059056806
-0.46014757659784394
-0.2987154236793149
-0.47281329700197866
-0.560347857546505
-0.40914379971604403
-0.46427043479204577
-0.5585578942324029
-0.3942666391582676
-0.4611061882783498
-0.5585578942324029
-0.3727349244123264
-0.4633663640722642
-0.5346159355395296
-0.3418671376997743
-0.45247000835545736
-0.5367931954537326
-0.332514716684443
-0.4580492625410972
-0.5367931954537326
-0.32427426263405534
-0.44835396549002277
-0.532354377823385
-0.3207657568711736
-0.4336705729995179
-0.5104327937461323
-0.2971625801193479
-0.4368702952210467
-0.502130128420078
-0.26367403284998064
-0.32881700734185854
-0.29212029546979434
-0.26310648739304765
-0.32256249885264043
-0.30557629595884717
-0.3070644521830651
-0.3320596533848735
-0.3085853115080295
-0.28303780890919256
-0.34891066039725316
-0.32922404832584623
-0.3547870692683819
-0.3576499874576372
-0.3430516828020367
-0.36337313151003203
-0.3879430585549631
-0.370151390733801
-0.3709878387283823
-0.3914065974315256
-0.39392611997814064
-0.38762021909450406
-0.37861350670240357
-0.4044717707812292
-0.419504061249157
-0.3851063283514404
-0.42488177080579137
-0.4048213336348082
-0.4051139512595171
-0.43968005502727225
-0.38274275894838294
-0.4130111179077194
-0.4571048909276181
-0.4046802731126365
-0.42296657422861583
-0.45612003110787747
-0.41249725674538223
-0.43137435687843967
-0.4593090638540618
-0.3859838075632698
-0.4491986271871489
-0.4670729846681751
-0.37749660008804264
-0.4609466906928968
-0.4860206337844017
-0.3587953904946238
-0.4705529370823114
-0.4915551802187192
-0.3615316552800098
-0.4667722378425516
-0.5026438717782241
-0.33983325094059474
-0.4718692096042656
-0.5095029085592486
-0.3978750468543431
-0.4623798452704232
-0.5048987399929382
-0.4225736185161251
-0.43656965339704856
-0.5137662023528681
-0.43703996493153
-0.4276101996683799
-0.5269883634967324
-0.4402314099818485
-0.4189272970191478
-0.5272553591986732
-0.5142595600132904
-0.4181645521038153
-0.5329931269965051
-0.5223151360880327
-0.3862394574549622
-0.5352638200381651
-0.5411667507958634
-0.3665024685988368
-0.5342827246185263
-0.5185364064387717
-0.3721356505284562
-0.525626521612817
-0.5485674604841856
-0.38221494441662185
-0.5313748785222592
-0.5407306380788124
-0.3687884563490542
-0.522669499724465
-0.5267169663785072
-0.3726494395363729
-0.5198031222254104
-0.5574395738035821
-0.3854787494959274
-0.5104537120926024
-0.5336963451741807
-0.3752622434223103
-0.5091328168031122
-0.5042523044179076
-0.3692906117310605
-0.5199305057714482
-0.5155291162126814
-0.39717698365439813
-0.5199305057714482
-0.5238687068449214
-0.3949053262922393
-0.5206919379604192
-0.4825524280912849
-0.39990002148720816
-0.517325148909373
-0.44831878033750727
-0.4227105907212536
-0.5152995660964569
-0.41883025303508564
-0.4311547078116424
-0.5247596474706456
-0.4613037644097541
-0.43674105046579287
-0.5239196994024511
-0.4418305931489577
-0.43874068280546624
-0.5261823336769541
-0.46120071848796756
-0.4374237297941525
-0.5269773377901571
-0.45433650463367725
-0.4430595039271199
-0.5269773377901571
-0.46427332355083933
-0.43712213253394155
-0.5328127179433771
-0.44158826881289137
-0.4309148474875996
-0.5328127179433771
-0.434035847674027
-0.4188584807333543
-0.5201673421892808
-0.42532648624301417
-0.4207980984792117
-0.5183203975373909
-0.439413491612537
-0.4249835174447428
-0.5155353186362355
-0.41881324375661527
-0.4250381945963014
-0.5192247276292908
-0.4157885985911887
-0.40319240476509643
-0.5192247276292908
-0.3954765650121458
-0.4076959086535499
-0.5104062042426425
-0.4242290544563158
-0.3933422073301338
-0.5117650583321097
-0.41543699166546766
-0.39007944994320193
-0.502135930946795
-0.382734460872527
-0.37795891622091415
-0.49025369631992
-0.37824968223684335
-0.3740346527902496
-0.5709577018612958
-0.4018782250723626
-0.3388997445484318
-0.5633591204508439
-0.44955533802290676
-0.3681740835128397
-0.5631136124356565
-0.4256590499547147
-0.47771501623024315
-0.3574344524115942
-0.19002568816317522
-0.4713268948123399
-0.379297239951348
-0.18629108801506103
-0.4744661871580108
-0.41098230929691365
-0.19126435662573946
-0.4889415081399551
-0.4329731709641636
-0.2074875697473356
-0.47415175146241634
-0.4499867631554448
-0.22526443771302337
-0.44582917556619445
-0.47125934149241616
-0.204846952911642
-0.4607231292301562
-0.4817717192799908
-0.21085611603363352
-0.4392888491962285
-0.5005102729755109
-0.22516406756844007
-0.4388778868140922
-0.5054370913314292
-0.3177292697695567
-0.46231999481448377
-0.5126901617978377
-0.3745404062185724
-0.45033834073279744
-0.5268933001193356
-0.3686719367438212
-0.45881655555997836
-0.5311305856889631
-0.38397698455719764
-0.46555525119100666
-0.5419462126059568
-0.4333355397999301
-0.46780003596310255
-0.5423504343174531
-0.4702219479929303
-0.4535315307500438
-0.5482228749072712
-0.4634257437632775
-0.4418945776058092
-0.5525642205493967
-0.5197786730269751
-0.452275590303636
-0.5525642205493967
-0.5027076727747208
-0.45147903332958267
-0.5483317851901056
-0.5312791071940328
-0.43977244419770245
-0.5448181460050981
-0.5724839833692063
-0.4246054269645052
-0.5428176584172598
-0.5998699090198525
-0.4312320407667234
-0.5508557735318104
-0.6958565065868098
-0.47464940715141785
-0.5518896011872533
-0.6408091525887433
-0.4746032022045607
-0.5466596048932583
-0.6331035698902032
-0.4594068894214606
-0.5488990795423568
-0.6492795484233116
-0.4653851218498774
-0.5483841030247442
-0.6604703536852256
-0.467018982391389
-0.5603993606490504
-0.6536255619185843
-0.4744602558773906
-0.5576034151714357
-0.6501065556521736
-0.48437334809698906
-0.5576034151714357
-0.6495446888057853
-0.48360478236504234
-0.5598524998592179
-0.6731197484762967
-0.4865676643514319
-0.563952712857902
-0.6750989220034445
-0.4893323801796226
-0.5554434620466115
-0.660882926305427
-0.5345494050475075
-0.5516061181345067
-0.6820015292928555
-0.527470359627371
-0.5489226296064769
-0.65916729849708
-0.5210154370087703
-0.5513198612627084
-0.6359300986016284
-0.5231373224263995
-0.5475786082359267
-0.6189170207040706
-0.5155188622308763
-0.5529031505765425
-0.558220178905362
-0.5111011623661978
-0.5529031505765425
-0.5520167113140345
-0.5080689869161186
-0.5529964447181893
-0.5518806315716444
-0.5026540292304994
-0.5473060489069592
-0.5373432707598296
-0.49529195292078854
-0.5561584357463311
-0.5394351524220751
-0.5021375434377572
-0.5486931723687446
-0.49087556027374235
-0.4971927436998275
-0.5468296266998164
-0.48364764642515595
-0.4989267229777892
-0.5486136029206791
-0.4954416777977792
-0.5269500223965852
-0.5450189366162649
-0.46962417829641545
-0.529055082805556
-0.5450864253208826
-0.5035069976365014
-0.5029735554116435
-0.538681484047282
-0.47762393092159783
-0.4792446900600552
-0.6137200430288782
-0.4623833984633993
-0.49419372992026045
-0.6039423820679277
-0.47261257614298263
-0.4700642438502829
-0.594974678637156
-0.4899553664207531
-0.461783168261096
-0.5955800603853681
-0.48736427575150165
-0.46333924050719494
-0.593104513038196
-0.44949444582991616
-0.4423101640450888
-0.5726793571384596
-0.4653781114139213
-0.43371000177930313
-0.5607260719873467
-0.43597694309223894
-0.4176619616429362
-0.5634074508021925
-0.45218886746892706
-0.4672647142115267
-0.5639747320739942
-0.4345525274459626
-0.4419435721671301
-0.5514790643466949
-0.4272458060443319
-0.43026503712702735
-0.5522445438272082
-0.39626671847009054
-0.39597137272535904
-0.5406338492624284
-0.37169540418877106
-0.38062930958946506
-0.5429000113491503
-0.34919216522371066
-0.3716348227281191
-0.5334772494753464
-0.3351562714730614
-0.34382030447576994
-0.5219114026123279
-0.33319389119127424
-0.33607547136814137
-0.5022200035494068
-0.2982777572606503
-0.3108543226701904
-0.48103954116549863
-0.3163326273078791
-0.29959832934338326
-0.46781101053124025
-0.3227767144832388
-0.32396578908996526
-0.3412193018308823
0.028521952983315387
-0.3374513734689504
-0.34302670382378786
0.026948712368082463
-0.37803706988136193
-0.3423159265669031
-0.009568106955237455
-0.34870553740764
-0.32350163088959155
0.0003429175437945869
-0.32179014945705364
-0.3171814000079325
-0.020321840713911833
-0.44383143055081375
-0.502130128420078
-0.24251414601174337
-0.45008593904003186
-0.48899183900687976
-0.2067990211180557
-0.44058878450779904
-0.48598282345769744
-0.23526707910490804
-0.41825367214196985
-0.46184398543977007
-0.1847638244106607
-0.40951434508158563
-0.44689578465294694
-0.1860733654065189
-0.26468542448603394
-0.39704467216195066
-0.2817868340844607
-0.05153147900638414
-0.24695061984911731
-0.15743998428400505
-0.29493342166242886
-0.4389439846716284
-0.2899971480617953
-0.3013215430803318
-0.4170811971318746
-0.29373174820990916
-0.28812745913294485
-0.27117599794343683
0.007837638387470756
-0.06915936012945602
-0.1753872418740914
-0.1555724326610136
-0.37231343039399684
-0.41391572860179976
-0.1741204105642275
-0.2981822507346609
-0.38539612778630894
-0.28875847959923073
-0.22067030533129425
-0.32396461867786097
-0.2683026035415886
-0.29011401675956283
-0.2447821848210106
0.006320571512781065
-0.3669700157775007
-0.38589767278834025
-0.15307926402001382
-0.2837069297527171
-0.363405266119059
-0.2725352664776345
-0.28857731418565125
-0.30566512261148965
0.01325333760987836
-0.3636906909856524
-0.36665933271654333
-0.14878503348457986
-0.2854508933323418
-0.2851519998941945
-0.03171447702385054
-0.34704426848020786
-0.3443623152726715
-0.15794336967588626
-0.3169200283376563
-0.26448992117388226
-0.050273919125709866
-0.3233752738249034
-0.3267105877429097
-0.16973030067193648
-0.3780961061685095
-0.22258593191034148
-0.1563726428232497
-0.47087818986661745
-0.3285674265519823
-0.15644353015833296
-0.32061121447548346
-0.21678142745582113
-0.27747770223152934
-0.4570949528411362
-0.31533889591772385
-0.15603965728998798
-0.165612043445728
-0.10296603583781289
-0.11929307464829647
-0.43747346704798745
-0.2941584335338156
-0.1740945273372167
-0.3407498052774088
-0.1819882248643342
-0.13404066736239884
-0.4259444316514173
-0.27446703447089427
-0.13917839340659288
-0.05007625917366486
-0.17868640275957418
-0.11192360497958691
-0.29849668643025606
-0.34639167392777775
-0.2547583985119465
-0.1038604015802549
-0.13711701483500813
-0.10955548076681107
-0.32681926232647757
-0.3251190955908063
-0.2751758833133278
-0.21689109081596275
-0.27524424823843924
-0.26493405725529073
-0.3119253086625163
-0.31460671780323174
-0.2691667201913366
-0.27828643414961873
-0.24578822190687435
-0.05193586331191495
-0.29850044102343104
-0.30597156075398874
-0.1746390875342302
-0.2460886794363422
-0.24484072703774806
-0.05177024713511676
-0.2874996216494986
-0.29466275418731286
-0.16798275978992372
-0.23232994408834676
-0.2310878785875199
-0.09316554974321878
-0.2761431313255111
-0.28584932927065665
-0.18002842003090913
-0.21035283641059574
-0.21000888591221734
-0.13318604693821706
-0.2580987931821938
-0.2754100619409995
-0.16987292905915613
-0.04774595677159849
-0.065401176028782
-0.03668688212093976
-0.04518360137296914
-0.05476145068313641
-0.08606027870429268
-0.04145755688535006
-0.049822027149564505
-0.10856196102770443
-0.27325697181766445
-0.1634025274588638
-0.2751241264514407
-0.12534120651894998
-0.09345173085945233
-0.1357939656283315
-0.3848912659151597
-0.24402542708687305
-0.1189333902454652
-0.4061563833783956
-0.259646080780432
-0.13721601312480566
-0.03611487473457759
-0.050730340199915014
-0.10431925312917291
-0.3811234591672494
-0.2345391218073865
-0.0899434609430558
-0.3033743290520302
-0.15742806679632346
-0.09907139375753389
-0.23086208364786898
-0.13350586488044755
-0.22945054951743707
-0.3494847726000935
-0.2197375189688202
-0.06537214666173656
-0.10820892851801787
-0.07559784565627008
-0.12027091749803362
-0.33469846059906205
-0.2122520845811681
-0.029916805112108993
-0.1644219596874296
-0.2115895116161229
-0.6497632709976416
-0.335778142671626
-0.2942483086631444
-0.2241571436431493
-0.1815393721605722
-0.20809344693280857
-0.5956110570846342
-0.3389778648931547
-0.28594564333709016
-0.18286025610562168
-0.13291973785943162
-0.11515787354965397
-0.0951926626005713
-0.08488831707419715
-0.14111546636313313
-0.11800599582382433
-0.3333595886964436
-0.29586816410771166
-0.26169820592568566
-0.3297252324980015
-0.2909413457517933
-0.26705861286826504
-0.19235067128542663
-0.22592306009731858
-0.25076264696286377
-0.3062831244976101
-0.2836882752853847
-0.2606674562156476
-0.07760863843939803
-0.1231631368512381
-0.11858859404360896
-0.3182647785792964
-0.27166239687808996
-0.25500574794118464
-0.14007201321331855
-0.09737467424821802
-0.08541682245461008
-0.3097865637521157
-0.26613694586388853
-0.2626247849463839
-0.16711768646035088
-0.1933134302735793
-0.2583524393144131
-0.07671826860637286
-0.1021513882136589
-0.1473548100433376
-0.3030478681210874
-0.24934052273228
-0.2682572485671968
-0.3008030833489915
-0.24234386666907928
-0.27089384544898365
-0.1408246736790493
-0.08633781125318787
-0.08808550171712956
-0.3098442235234611
-0.23647142607926122
-0.2686089900463839
-0.20496629878453762
-0.18470850908994865
-0.16562040254651686
-0.2435304066611391
-0.25463778089625794
-0.17732368950964972
-0.18499392198533648
-0.17248990053628985
-0.171865950267694
-0.24113591636185852
-0.24651612142771823
-0.16258207234735889
-0.16364401844698703
-0.16270603495912755
-0.17720796249177387
-0.2369004668647366
-0.23164711829014978
-0.1751540338750856
-0.0653357411900937
-0.08101059930037326
0.04045153541635835
-0.22982232623680793
-0.22508797746990375
-0.15113820824111415
-0.07325644841774955
-0.06894108333102222
0.0020539286166880574
-0.05105362753001144
-0.07598179393291833
0.07698889305010016
-0.2266686378591868
-0.22093172863535612
-0.1353165949351957
-0.02469033379339012
-0.07346071826409756
0.06884264922968296
-0.23855062793702206
-0.20724570746786733
-0.11330835807597246
-0.07190499856071797
-0.06961696084098903
0.1259738943902101
-0.2519937303677455
-0.19363169199177252
-0.1067138545894295
-0.05614199437652212
-0.07402622089142835
0.009283877920334674
-0.08713252060861847
-0.05948332002624097
0.16989840039628723
-0.26016111454448987
-0.18617757203454963
-0.060633671817303864
-0.03856410787660143
-0.06992927180630926
-0.011703286963133325
-0.0826859217268537
-0.059451008043406015
0.17071093145196578
-0.2532077263279765
-0.1811249022970313
-0.05833264456104742
-0.032423256869482116
-0.04354184902350061
-0.08448797498692193
-0.31376314757197776
-0.18898531595647602
-0.002618750033806995
-0.19357769147073403
-0.10677361964126085
-0.14135961950836223
-0.07959165622869661
-0.062144310220533384
-0.0970304786253169
-0.26290478937704637
-0.1852701507825913
0.011005416590801002
-0.29240992719859
-0.18898531595647602
0.01968757361513645
-0.02948263585937367
-0.03980237121578062
-0.07889383401573165
-0.25185014995023935
-0.17313784835760967
0.04057348601115192
-0.169360843990606
-0.08318907628696856
-0.09508947792693423
-0.0616194949146769
-0.05709686135734172
-0.03261297545852059
-0.21731672329422297
-0.14725392731466205
0.10364688270779802
-0.2321460559304177
-0.15271269245787333
0.06244154166692745
-0.025241197491851913
-0.03874411335539962
-0.06111839498990304
-0.2077963990769185
-0.14176798701339866
0.11873565848623395
-0.13374245715770075
-0.08147023284189076
-0.0618196242678249
-0.18025969023569885
-0.13373118769826786
0.1137306386860847
-0.055971113172473344
-0.06143567461482019
-0.03321033577682299
-0.1746113084934953
-0.12395352673731752
0.11139163945065088
-0.019592815749648357
-0.03354356171764496
-0.030255800084704264
-0.2578061689109108
-0.1280018121883957
-0.020275568658702024
-0.1564017397151246
-0.11273935210324229
0.1346282823306135
-0.20517035195822358
-0.11709085484128577
0.025736172003308164
-0.08899342076627184
-0.06974010603971595
0.018295518993508883
-0.13551065384426997
-0.10429471400454204
0.16845565899213127
-0.13132481861202644
-0.07130268543282905
0.1036374050474131
-0.1709097443353587
-0.09138951567844908
0.08318053985156283
-0.055971113172473344
-0.05482115789039793
-0.008008490720828352
-0.13551065384426997
-0.10205267163938767
0.1915449850928186
-0.10501607274996622
-0.0597463238683985
0.1437571421705636
-0.13009299385306441
-0.09812704249500787
0.2174470315743919
-0.15186814596515885
-0.200142084016416
-0.3953675534991582
-0.1758884626176489
-0.19721302794784917
-0.4782507108081646
-0.3145991753515758
-0.2595852416294895
-0.15574857359091396
-0.3242944724026497
-0.2640240592598371
-0.15925707935379588
-0.1913043020276465
-0.20399728635562647
-0.20520806142629114
-0.18020292929590026
-0.19846644742580327
-0.3162687120992025
-0.3092820738204084
-0.26176250154369257
-0.13815569852519505
-0.3201784295372152
-0.2595852416294895
-0.14750811954052626
-0.24534137867920458
-0.19837989540962114
-0.08152353413065591
-0.21650803176776945
-0.19845807328602677
-0.10305524887659716
-0.3083780031006273
-0.2378205428508192
-0.08575619706670179
-0.3115422496143229
-0.2378205428508192
-0.10728791181264287
-0.26958714371429954
-0.19413126702703937
-0.06266872253159052
-0.2998351408906945
-0.23603057953671713
-0.07087903650892502
-0.25955005939620973
-0.15057369622742076
0.02252404122235766
-0.27186142360225946
-0.1911923976960027
-0.029957768077413793
-0.2523765091362177
-0.20614170680659624
-0.02183478332771075
-0.27047356694914604
-0.22706081164592637
-0.0478299153500923
-0.18331313314834982
-0.1231258405620579
0.09338528222771281
-0.22648953208104425
-0.13665423892489797
0.05055755664765839
-0.21037728853527454
-0.19299439732184895
-0.045251666052686323
-0.21724160089439987
-0.19854312539614444
-0.055942785240462034
-0.1556972283795461
-0.09015706595732034
0.13255624612466946
-0.20543934757677287
-0.18356100248471163
-0.03582645556343708
-0.10699089389092649
-0.1267003613504072
-0.2081830097536972
-0.11864019532102196
-0.06251785212249733
0.15645675258577385
-0.18846764752043307
-0.17393187509939692
-0.0014112052680201083
-0.20282134884384903
-0.17393187509939692
-0.013071923358663367
-0.1148828529567139
-0.12347504514422043
-0.2270917629051332
-0.07596988059844703
-0.1114140229768996
-0.16952867594443738
-0.18665939288321917
-0.16576328316146033
-0.0267700153784673
-0.11468072674094149
-0.13164836767108973
-0.3009799595108332
-0.04439207277671554
-0.0934039365273913
-0.1683827016881067
-0.16481360305201428
-0.16576328316146033
-0.020579893770260656
-0.1356335341019074
-0.1296550200046224
-0.34522842790746855
-0.16072415755732045
-0.1640876465708476
0.0016354362964359319
-0.13819596070908016
-0.13064373264011678
-0.36281482035166207
-0.02599637107412372
-0.06986855675979103
-0.13863694828039916
-0.15975541706848517
-0.15831934987365287
0.018190108098169504
-0.13771037092840827
-0.14206352746762135
-0.3569863291197435
0.00923428018843971
-0.06188888647124643
-0.10650034188812037
0.007173550259991966
-0.055568010579175466
-0.0443588245500683
-0.15436320586424226
-0.15647240522176295
0.00761412027962634
0.0013878566531134143
-0.03586841394992363
-0.017872147272678236
-0.03024799717639466
-0.041899312509677746
-0.008210313977334495
-0.06303662442142252
-0.03944064744119804
-0.004232662936045841
-0.0950342178465534
-0.03936246956479241
-0.004232662936045841
-0.11393245321218314
-0.05776521518806608
-0.0099048092527838
-0.1359301816607361
-0.05602709245870067
-0.0099048092527838
-0.15345834576724873
-0.05435145586808795
-0.0099048092527838
-0.31559307728637337
-0.22723340797840003
-0.25387188272379096
-0.12540946101542627
-0.08359975055646034
-0.0705750850303398
-0.09622165765442472
-0.09081351522818092
-0.15468575591116662
-0.30521206458854655
-0.22723340797840003
-0.2618522287956007
-0.3060086215625999
-0.22393983631255066
-0.25824500938084394
-0.13455662438918226
-0.056669164020167105
-0.005672146316737958
-0.31313850891782957
-0.22125877499059354
-0.2527225753403721
-0.094997144807764
-0.0829275664364417
-0.053444833211930526
-0.13015384386789206
-0.0883298408447917
-0.15122477973294057
-0.31650388088077885
-0.21601243561651082
-0.2525880266624448
-0.30987726707856084
-0.2079743205019603
-0.2395565176844262
-0.13178746206651584
-0.05750127300406615
-0.013555298502633697
-0.08905664203047754
-0.07725354742821502
-0.055376033790541006
-0.12876363017634218
-0.09179467883946263
-0.15043620462757876
-0.26645990069386605
-0.20122121589010597
-0.24679355089487376
-0.26650610564072297
-0.20122121589010597
-0.2532955358238008
-0.269058349407882
-0.1960353892907553
-0.24507388420121892
-0.1330610833021884
-0.05481191834710964
-0.013555298502633697
-0.1230622919984587
-0.08697774412228687
-0.14729770704225617
-0.26308011697946504
-0.19723075875291854
-0.23335238455335333
-0.26032008964008485
-0.1847191910194572
-0.23631500141647438
-0.1289881818549582
-0.04493509772180727
-0.013555298502633697
-0.0812564615727424
-0.06146786498528962
-0.04990188868118135
-0.25287881615408336
-0.1829292277053551
-0.23793927994125202
-0.2429657239344847
-0.1829292277053551
-0.2330137128609006
-0.1621347315191243
-0.17288195211031207
-0.24396707347100718
-0.1785818845286469
-0.16458961097042643
-0.2470504290236341
-0.05860171787185259
-0.05777502255929634
-0.03997127397592489
-0.10559186797748317
-0.08468584665597784
-0.11367227130900937
-0.23238074322465463
-0.17923638527936184
-0.220094095622377
-0.22941786123826477
-0.17421602752467844
-0.21116855851652458
-0.13467243862734984
-0.14371994288603987
-0.23323825239224
-0.13001903367727644
-0.14241884040580896
-0.21979708605071957
-0.11397754207952655
-0.1379941299835479
-0.21945841435826693
-0.11581673785833188
-0.05116758894723447
-0.007883152185895739
-0.0842020857001038
-0.07966548890129442
-0.10395622726177606
-0.21368508263629676
-0.17421602752467844
-0.21748887046013857
-0.16230670587215337
-0.17564769097659044
-0.21617648957854896
-0.09786834477796484
-0.12304843857744403
-0.20960571827424282
-0.047785493833320335
-0.11763545061530516
-0.20464022520723163
-0.05732512054163986
-0.05295702285728034
-0.03736505151607801
-0.16479691754294304
-0.16941519975116323
-0.21617648957854896
-0.17125184016154366
-0.16400221178902435
-0.21252337739312738
-0.09201527001960226
-0.07100322750976751
-0.0906733138594612
-0.1639080640839468
-0.16400221178902435
-0.20443355583577194
-0.04888943402554257
-0.055758645665513
-0.025275876875693763
-0.1573439690501728
-0.15867766944840858
-0.2055071046493185
-0.05478191394121279
-0.11231090827468936
-0.19709365839148
-0.16176166891485116
-0.15867766944840858
-0.2146997540340718
-0.16448658504671423
-0.14407737816953056
-0.1805234883292543
-0.17561501032917537
-0.1375774207653969
-0.1876699243505041
-0.2138602941436319
-0.12235739940856215
-0.18611168447249554
-0.18008873180702745
-0.11878184186254036
-0.1896978504106779
-0.17302859393587133
-0.12146136272006557
-0.18803739126007069
-0.1705218046011228
-0.11644100496538216
-0.1711972845405997
-0.1074717970013032
-0.11645817689388298
-0.17881143806247096
-0.10845453502463019
-0.10291902378289565
-0.18023122777362474
-0.2700010778734213
-0.17583117188435274
-0.02741046978897117
-0.28167441773409313
-0.17036489450720932
-0.044882132576905195
-0.1643417612976681
-0.06157407324453447
0.18937407505953618
-0.1560894061589845
-0.06027057070669901
0.20191570189954436
-0.15530103096644177
-0.04754763181504762
0.2096879027488522
-0.19597127921342197
-0.05751360873853201
0.16576136567186356
-0.27261281688093847
-0.16928580890358166
-0.034115028551497575
-0.2670827929282018
-0.16353745199413952
-0.03840513144338045
-0.2764641974936539
-0.17129732385725024
-0.044090501438502946
-0.20328581928110667
-0.14558145658953114
0.13228961871391526
-0.19998601480603087
-0.14666194023044232
0.0755147549949718
-0.27264631792983146
-0.1731124380925778
-0.06031017983484938
-0.2688781148767603
-0.17228167326217242
-0.06736273389531906
-0.19740133273007435
-0.1491541669445446
-0.028411843579382683
-0.2516816050788914
-0.14259005559414786
-0.07912211488506304
-0.23455051119345602
-0.1519788556876892
-0.08362643473745972
-0.26887433269732497
-0.1736025685516627
-0.08177388833300711
-0.2645062981332915
-0.1628048795833266
-0.060817109059562995
-0.2512343740199486
-0.1628048795833266
-0.06846447626753475
-0.15365115946032326
-0.05083654294177979
0.18364733816886436
-0.22845259186755493
-0.1521586151858278
-0.11295699524901351
-0.22312339657935404
-0.14809903113872125
-0.13629176392590403
-0.24215730823588097
-0.15972953225402117
-0.0790008084618296
-0.23979279399109976
-0.15761038100380406
-0.08507464656327077
-0.22147146845482116
-0.14567372502416748
-0.14283479353235978
-0.2056669856687766
-0.13283049565135788
-0.14369221010186148
-0.2007778572721371
-0.12859691803341852
-0.13641715389757578
-0.23814086586656685
-0.15518507488925032
-0.09072380316543291
-0.22233638308052228
-0.14660542572119054
-0.09529001251149342
-0.2127451489796708
-0.14237184810325113
-0.07905028608522782
-0.1856866665426186
-0.12029013646198707
-0.12353903540564605
-0.180331597718445
-0.1165175507567858
-0.10716647288443408
-0.20314456853572066
-0.14010921382874808
-0.05881427001593226
-0.20314456853572066
-0.13322187845370548
-0.057269504727608486
-0.17481764592897922
-0.11266402724724772
-0.1013632469295042
-0.13397192268724167
-0.10008198853439859
-0.10285933119622201
-0.19652696684472645
-0.13322187845370548
-0.0695798056402742
-0.19809287302039266
-0.12292959794596472
-0.07943710275982785
-0.06471123735446264
-0.02375648759688232
0.009633638202631582
-0.06748512023453197
-0.02375648759688232
0.04411135405178623
-0.1985333955038013
-0.12292959794596472
-0.07938365617158658
-0.19942675129507598
-0.11973868967217842
-0.06231047026158153
-0.1075828158868665
-0.02375648759688232
0.05342080960617121
-0.1075828158868665
-0.02375648759688232
0.05091521321152102
-0.19209492234497563
-0.11973868967217842
-0.058799452710601774
-0.18694076289060935
-0.11675547187613923
-0.06284502876478976
-0.06412095033315099
-0.022847609411566123
0.023422228436394122
-0.1046454966354803
-0.0183914420132141
0.0709791511363597
-0.1046454966354803
-0.03302089154042828
0.05799306120835332
-0.1827966402443569
-0.11139042629247102
-0.04365434386351985
-0.1827966402443569
-0.11139042629247102
-0.05777625583435654
-0.12596290557040338
-0.02671852824115248
0.06761161172138742
-0.17648488171868956
-0.11204035774118301
-0.05438257650063316
-0.021709320915747215
-0.020557851206457745
0.03178344128923013
-0.12248103395228256
-0.11068150365171572
0.019759300374181738
-0.12312579260629068
-0.11068150365171572
-0.03239282326730778
-0.17648488171868956
-0.11068150365171572
-0.05151392120083816
-0.17712964037269768
-0.11068150365171572
-0.061461919789005476
-0.022812970817275638
-0.016704327696919687
0.04989696815682573
-0.12312579260629068
-0.11313034344145348
-0.07117210092384475
-0.18431223313648368
-0.11313034344145348
-0.05652148793543972
-0.1813721842080231
-0.02687760982578185
-0.061998381650411404
-0.1813721842080231
-0.02687760982578185
-0.022201825912144806
-0.01745790199310205
-0.019819077366761046
0.06472476538971399
-0.1813721842080231
-0.02687760982578185
-0.0029692490348608106
-0.1813721842080231
-0.02687760982578185
-0.008632714874352182
-0.011967291707533734
-0.013774930069832648
0.057366867812348045
-0.13400078743068694
-0.006204013001639268
0.018309813691342748
-0.13400078743068694
-0.006204013001639268
-0.00653387092016345
-0.016669397411745716
-0.013774930069832648
0.04840219759036811
-0.016669397411745716
-0.009511349865082827
0.051217117362633305
-0.016669397411745716
-0.009511349865082827
0.052110990366926874
-0.013704716368326045
-0.007570917068193381
0.03395618678718404
0.0
0.0
-0.024843684611506198
-0.013704716368326045
-0.007570917068193381
0.015161958469924875
0.0
0.0
-0.005663465839491372
-0.013704716368326045
-0.007570917068193381
0.027413635806619967
0.0
0.0
0.039796555738266605
-0.013704716368326045
-0.007570917068193381
-0.024049851604701963
0.0
0.0
0.014650612988405044
-0.013704716368326045
-0.007570917068193381
-0.06688503264970845
0.0
0.0
0.0037036120416488504
-0.013704716368326045
-0.007570917068193381
-0.08804345951802908
0.0
0.0
-0.011854777358300216
-0.019592815749648357
-0.03048761367384108
0.012186988863988288
-0.013704716368326045
-0.007570917068193381
-0.08410982908202279
-0.019592815749648357
-0.03048761367384108
0.0369080683483482
-0.013704716368326045
-0.010327964878131297
-0.06156461185553738
-0.05055345318126778
-0.05482115789039793
0.019199210353318626
-0.11901545135178956
-0.0946264691919987
0.2699550614239565
-0.12265392356248071
-0.09710939590763787
0.21952095787998446
-0.13009299385306441
-0.09710939590763787
0.2093826920891373
-0.013704716368326045
-0.005871797479779275
-0.05076287155920625
-0.05787386994404505
-0.050364990492045916
0.006626875936006102
-0.11109276700102791
-0.08447990598241654
0.28702694167657816
-0.11901545135178956
-0.09017030179364666
0.26181775297895116
-0.014766220793117011
-0.02603144627548906
0.01198691643702333
-0.008878121411794702
-0.005871797479779275
-0.05402497986281653
-0.0997856066116226
-0.08479761705827114
0.28370444732970973
-0.0997856066116226
-0.08479761705827114
0.2866936291231353
-0.014766220793117011
-0.02603144627548906
-0.02105874694244018
-0.008878121411794702
-0.008536452048690038
-0.03224636989536431
-0.05304727498751371
-0.050364990492045916
-0.003536123889032409
-0.0803811607223576
-0.07804060772558205
0.39532095185065835
-0.0803811607223576
-0.0810563640314895
0.3684306397697856
-0.08560305138232523
-0.08479761705827114
0.3433277403148717
-0.014766220793117011
-0.0229166966056477
-0.024142015211896704
-0.04782538432754608
-0.04144901073858895
0.037150254196602284
-0.0696309750767527
-0.06671894751193225
0.3983489605405955
-0.07579232697301078
-0.06912462797212508
0.41815518264643375
0.0
-0.005232889288243179
-0.05784629147241338
-0.05666291230297522
-0.05820969670064176
0.40624464429499857
-0.00588809938132231
-0.0229166966056477
-0.05157768463679319
0.0
-0.005232889288243179
-0.04249468095352013
-0.034857321553768604
-0.04144901073858895
0.04859055847433376
-0.04530936586119853
-0.05584579420643156
0.40802299936845565
-0.04530936586119853
-0.05584579420643156
0.4025355654417157
-0.05666291230297522
-0.05728955194464254
0.41319100787370333
-0.00588809938132231
-0.0229166966056477
-0.0330863565390124
0.0
-0.005232889288243179
-0.04298989856896158
-0.0290554799949261
-0.04144901073858895
0.06810183891659069
-0.044183199063329785
-0.051443968250110134
0.4143305963995606
-0.044183199063329785
-0.05076357530555968
0.41379990201360894
-0.04530936586119853
-0.051259885414714726
0.4099177271100889
-0.00588809938132231
-0.0229166966056477
-0.018726232222999233
0.0
-0.01142758979520769
0.003960677166840227
-0.05809496849015581
-0.05277366544940852
0.14351507817728093
-0.07249821827379144
-0.05846406126063863
0.09757559961179639
-0.08357576077506629
-0.0609469879762778
0.049190772087152036
-0.02173506323214882
-0.04144901073858895
0.09250074618756189
-0.031539130047388626
-0.03754834304945169
0.4553901880462662
-0.031539130047388626
-0.04326762000586319
0.4075798672586472
-0.031539130047388626
-0.04849761629985816
0.4063762694890343
-0.00588809938132231
-0.02015964879570978
0.020517944713502545
-0.044183199063329785
-0.047519631258506265
0.3108843843196684
-0.044183199063329785
-0.047519631258506265
0.2465575419361109
-0.04998504062217229
-0.047519631258506265
0.24933312830999493
-0.04875132973099118
-0.05010901088049777
0.21555385795849238
-0.02173506323214882
-0.030744648757134122
0.14415917754999535
-0.019737484777140733
-0.03030151608753057
0.3451837224846092
-0.031539130047388626
-0.03754834304945169
0.3724350994573276
-0.015160783000490207
-0.0167343016435251
0.33413684398469934
-0.031539130047388626
-0.026120753254243994
0.31512584790681053
-0.015160783000490207
-0.024106815580566057
0.3095012803499076
-0.00588809938132231
-0.011489106810440006
0.04410393036476813
-0.009933417961900927
-0.01658080855542554
0.15703942325088419
-0.015160783000490207
-0.01658080855542554
0.29362771952579625
-0.015160783000490207
-0.01658080855542554
0.2845370653453519
-0.009272683619167898
-0.011684136096689848
0.2630781529129098
-0.009272683619167898
-0.011684136096689848
0.2520118975846915
-0.054864754283635686
-0.041674237712934506
0.3967751627194295
-0.06561493992924057
-0.05289690456265041
0.36733327865444415
-0.07953528046505573
-0.05362240128352459
0.22696437720113302
-0.09393853024869137
-0.059312797094754705
0.18201017876361275
-0.0040453185805786164
-0.011684136096689848
0.18449210192599896
-0.0040453185805786164
-0.011684136096689848
0.2610929572169441
-0.013849385395818424
-0.010141867291820789
0.32466577777110683
-0.02565103066606632
-0.020350923400215493
0.4263060994816465
-0.03829509968200748
-0.02784687869991198
0.4391614258571265
-0.039421266479876226
-0.03292909760078385
0.4351270998192693
-0.009272683619167898
-0.005091701744985536
0.24952378916102813
-0.032555776394811504
-0.034432626566225234
0.3468638642039042
-0.053218897056982836
-0.03411491549037064
0.28040006574057214
-0.07210047038121294
-0.042288238017239924
0.20032174752666576
-0.07953954067179664
-0.047231513748989734
0.20677180448567692
-0.01625388586627244
-0.009810874676125776
0.3418158881934982
-0.021805590749206627
-0.015840541206053594
0.36460044939936953
-0.027966942645464697
-0.027675617233536128
0.38100492844983147
-0.14320019490127162
-0.14063612119388036
0.0333966676206441
-0.09236503835148613
-0.11018454758408658
-0.03660870301201502
-0.0981939653085337
-0.11627687884592627
-0.09591446895815206
-0.009804066815239806
-0.006803694292317566
0.22827592190733215
-0.009804066815239806
-0.007048605561269206
0.3138755233014724
-0.1307631865514856
-0.13008688957752002
0.03999215227892999
-0.1320801395627994
-0.13617922083935968
0.03158317313631563
-0.1330619671208262
-0.13617922083935968
0.05383029296614383
-0.13743343233833838
-0.14063612119388036
0.041002535347749794
-0.1062889549197708
-0.09941136102600934
0.053370590675808155
-0.08484802250308206
-0.10386224995347917
0.02953121997554877
-0.07635306104703794
-0.10309116179816542
0.07657094069627783
-0.08328395557944783
-0.11018454758408658
0.04085804300921565
-0.13295562241436454
-0.1214429071700452
0.053370590675808155
-0.11179698130485198
-0.12589379609751505
0.02953121997554877
-0.11915734700050777
-0.12501336389138604
0.07657094069627783
-0.12316223844720878
-0.13008688957752002
0.04085804300921565
-0.10491797258389843
-0.0786607370201793
0.13666476704907998
-0.11919469519240501
-0.0886726362533749
0.12274615485670995
-0.12277902199732683
-0.09098655139370926
0.08748185815435697
-0.1117255092216793
-0.11435695902257066
-0.1744456289411883
-0.13885152802832046
-0.1136430517284474
0.0963233890472737
-0.12423708021832582
-0.1136430517284474
0.11231034688748556
-0.13558580336455217
-0.11595696686878178
0.08153040032814535
-0.03281251670967207
-0.04469003778818374
0.26359372247193846
-0.049080495571485756
-0.06195269910271138
0.22441605224356995
-0.08512751935952999
-0.07464077924702185
0.18509704472820024
-0.12735268042646808
-0.1034628767652341
0.13772691741346102
-0.11829157351998468
-0.1136430517284474
0.12103624284452916
-0.12851186177303717
-0.1136430517284474
0.10600335652594495
-0.03281251670967207
-0.026152154129083352
0.19421434901524515
-0.03281251670967207
-0.025834443053228757
0.2150050249263609
-0.03281251670967207
-0.025834443053228757
0.22175653185752242
-0.03281251670967207
-0.026983690896632717
0.2342699690806451
-0.12385881274595964
-0.12424296711636636
-0.27287298795372283
-0.12447155155974235
-0.09173081795748649
0.08339570279070622
-0.12789997048327767
-0.10146610656682349
0.10265965281071247
-0.12335070054784866
-0.10146610656682349
0.09911293329722225
-0.12739578404996432
-0.10241161350150695
0.09078463159203955
-0.0011261667978687483
-0.00309327365968211
0.20396013838586488
-0.006677871680802933
-0.005457176153892318
0.21475780745741707
-0.022751709579571698
-0.019395144796394252
0.2120134637875303
-0.09356002632903461
-0.08294550584999938
0.09487039560562444
-0.10127615946088042
-0.08226040778968571
0.10062494442410938
-0.11640790256428882
-0.08528344516070435
0.08855438435986396
-0.07861580454506427
-0.06778530346423431
0.07786737722635056
-0.09650832843143714
-0.07267717260553029
-0.06597817619008316
-0.09313153228617006
-0.0770669338913565
-0.07951368230254588
-0.12351066954271192
-0.1322569099696666
-0.3084192205728542
-0.08359995476306223
-0.07054796845492782
0.07786737722635056
-0.09752815655860164
-0.07536652726248681
0.07032548678253234
-0.09304450785654687
-0.07575838159471719
0.06692242834630793
-0.049148011795268745
-0.055013563770935324
0.044090891402398816
-0.06290520109357425
-0.05603121035830533
0.03496444859071027
-0.06642393725390171
-0.055731314397526766
0.06899041887048699
-0.09384009888569629
-0.07985223219031726
-0.10908974278024045
-0.06095958444850222
-0.0583071354367847
0.044090891402398816
-0.06897573318538391
-0.06208744701484822
0.03496444859071027
-0.07095690205159887
-0.061787551054069655
0.06899041887048699
-0.046680963328719745
-0.0538953904740478
0.06734669292222893
-0.05017877857695132
-0.05242645073671319
0.05609624377930368
-0.06535101752332907
-0.0538953904740478
0.06734669292222893
-0.06817134053863645
-0.05572002240256257
0.05609624377930368
-0.04163425538064153
-0.026380714811148065
0.11344718594365082
-0.04373706948865851
-0.04265678245699563
0.1034242349835101
-0.047598482325138775
-0.051220043958504234
0.08598939136920923
-0.09430394901478811
-0.07680323163579339
-0.1141328630333077
-0.061136878961521535
-0.03330198540161575
0.09929652442189692
-0.062182242014557576
-0.04559565178803228
0.1004571803103362
-0.065130949688721
-0.051220043958504234
0.08598939136920923
-0.011645457249707922
-0.011634357979549925
0.09667351362457412
-0.017197162132642108
-0.016244622300543306
0.09373114802357527
-0.023533721791584847
-0.01744165474457972
0.102144793611817
-0.030344240204616166
-0.025247333585449994
0.08826625850876747
-0.04049784106102366
-0.027134351004759694
0.08274186708572483
-0.04415921280825136
-0.02998779431304069
0.07245022339534998
-0.005484105353449849
-0.007893104952768279
0.06150290053983973
-0.005484105353449849
-0.007893104952768279
0.06124667736790461
-0.09365619298471708
-0.06588830036431007
-0.12345907942766633
-0.012391948943712273
-0.012311317747621705
0.06508541306764043
-0.014271824683645812
-0.016554644316741633
0.06067664688954815
-0.005484105353449849
-0.0051437694992574915
0.04774233548497897
-0.005484105353449849
-0.0048260584234028955
0.05103681431199554
-0.005484105353449849
-0.00531040331760595
0.05952805745407316
-0.005484105353449849
-0.006430969628238704
0.06942366069158151
0.0
-0.002128013193350036
0.006611646920581711
0.0
0.00031771107585459646
0.008124824043088478
0.0
-0.002128013193350036
0.022156108057781704
0.0
-0.002128013193350036
0.025597797179821462
0.0
-0.0018103021174954393
0.03384063707615127
0.0
-0.0018103021174954393
0.03828205178913086
0.0
0.0
0.0
0.0
0.0
8.350757266544654e-05
0.0
0.0
0.0
0.0
0.0
0.007808340268160379
-0.12346634632822329
-0.046366761173719274
-0.007883152185895739
-0.10697975497363835
-0.046366761173719274
-0.017606095642591767
-0.07842156111255832
-0.06590310210335952
-0.10053565133002511
-0.15348668397552506
-0.15890208638261638
-0.2151691463299046
-0.048160262956754706
-0.055758645665513
-0.019229459552256925
-0.1509789573103825
-0.15890208638261638
-0.20449731844409244
-0.06813137987488352
-0.09922677097117326
-0.20265959304095643
-0.15834103362009355
-0.14559353214489248
-0.21054274522685215
-0.10281869435362774
-0.10314344071710345
-0.18526785889183553
-0.13382215814933865
-0.09917311034908241
-0.08901729437421822
-0.13194163106054396
-0.0959822020752961
-0.10642182431336773
0.0
-0.007372513937040957
-0.02463556363479185
0.0
0.0
0.042904550330697275
-0.0040453185805786164
-0.005091701744985536
0.22156995214215716
-0.0040453185805786164
0.0008890944696292279
0.16657893327861184
-0.0040453185805786164
0.0008890944696292279
0.16657893327861184
-0.0040453185805786164
0.0021772599142030912
0.1436548484600361
-0.0040453185805786164
0.0021772599142030912
0.1436548484600361
0.0
0.0
0.07822785405537015
-0.0040453185805786164
0.0
0.15518502620925015
-0.0040453185805786164
-0.005091701744985536
0.17866540181145993
-0.0040453185805786164
0.0
0.07695717215388
-0.0052273650385892805
0.0
0.12749764209446776
0.0
0.0013085522966393094
0.14643611064885384
0.0
-0.002128013193350036
0.0257158130330628
0.0
0.0
0.0
0.0
0.0
0.0
-0.09508745377360557
-0.07563166351359475
-0.11234537211564845
-0.09053818383817656
-0.07563166351359475
-0.12264359856030019
-0.09458326734029221
-0.07542792260487424
-0.1434853374886056
-0.09165903485007024
-0.06557866382840309
-0.11081864622453882
-0.09454016371679592
-0.058772838977050386
-0.1258668050584776
-0.0692110779484989
-0.05169035262573605
-0.10337980939904079
-0.04338434241350718
-0.039002272481425605
-0.07909368820225525
-0.03393355544442199
-0.03498231470826813
-0.040341378001806275
-0.005042385025920716
-0.024970415475072515
-0.010435807969224307
-0.012806781367225252
-0.024970415475072515
-0.005951457826211631
-0.026666667494593607
-0.022031546144035873
0.0
-0.02694895880176989
-0.022031546144035873
0.0
-0.04280428595346975
-0.021922202093220593
0.0
-0.03987828286776093
-0.019902341993433412
0.0
-0.03839814819999949
-0.019902341993433412
0.0
-0.02865880921567637
-0.019902341993433412
0.0
-0.011532391083907073
-0.015018567524471466
0.0
-0.0037705527771389664
-0.009344548516244802
0.0
-0.003435639492287329
0.0014316634519120086
0.0
0.005152755813372511
0.0014316634519120086
0.0
0.006407486286059569
0.0
0.0
0.007465152939398332
0.0
0.0
0.0030860207459099693
0.0
0.0
-0.09020965374520999
-0.046366761173719274
-0.007883152185895739
-0.04728565474634579
-0.04677755917480735
-0.019229459552256925
0.0003239304547075679
0.0
0.0
-0.14785697089243346
-0.15057586880683974
-0.208668233831213
-0.1453627003397797
-0.15243941447576795
-0.2057578818889522
-0.0790355655504142
-0.03738567468301362
-0.007883152185895739
-0.04129449933094
-0.04078449970727288
-0.019229459552256925
-0.001937212957710131
0.0
0.0
-0.14362872106181793
-0.1496377916675353
-0.2020281900015832
-0.11018776165181658
-0.14930682882756974
-0.20194364302137294
-0.10808270124284573
-0.14699729775779774
-0.14497149758060052
-0.056009959497613955
-0.03738567468301362
-0.007883152185895739
-0.04253923545631385
-0.03874480288217317
-0.016584559737337586
-0.07002975773826431
-0.07220633405479705
-0.09289891678850319
-0.05772857254582026
-0.06398499932753925
-0.08716778347138257
-0.008211272924380248
0.0
0.0
-0.1132731427659036
-0.14495760093269805
-0.13702718763398683
-0.11879243933912133
-0.058704867317026434
-0.1290310772122225
-0.09819501773671242
-0.058704867317026434
-0.1211408987680732
-0.04491561565732149
-0.03738567468301362
-0.007883152185895739
-0.05657731864833411
-0.058704867317026434
-0.06961263299550285
-0.03419465215043524
-0.05354444938319203
-0.06353273461792079
-0.0947877949654706
-0.059635771432667524
-0.10880312829045174
-0.09354854633735359
-0.05354444938319203
-0.09630544318126735
-0.046377384608851234
-0.031153287424456586
-0.007883152185895739
-0.02197575775265623
-0.03251241562361614
-0.01697747582139929
-0.01377942189332801
-0.05038221431328419
-0.05505130972353256
-0.07716314145505952
-0.05056123158715286
-0.09296993206198167
-0.07848812389734373
-0.05056123158715286
-0.05521821082220071
-0.0760336467363221
-0.05038221431328419
-0.05505130972353256
-0.017588587491402533
-0.024739571507225194
-0.007883152185895739
-0.004808265452221975
-0.027108185785628864
-0.01820934922225753
-0.0625765490511465
-0.0439856703245536
-0.04752154237117999
0.008379423890832438
-0.04341838905275188
-0.04285155874520136
-0.06459315551140365
-0.11225211698452171
-0.19414503781568745
0.003979943875315807
-0.032647288155359167
-0.022860225068530086
0.0039935948735204535
-0.032647288155359167
-0.022860225068530086
-0.057263183268289636
-0.10757192624968445
-0.1291440354480911
-0.04987217930814914
-0.022250096749653902
-0.100919976104556
-0.03211073928849251
-0.01940794416269627
-0.04733505863630497
0.02596801138223498
-0.01867881754552668
-0.03496840655930562
0.0159008678607654
-0.009452998647199031
-0.018383971093143145
0.006221348520523493
-0.011752467366208422
-0.0092753411120232
0.007101371834449545
-0.02439637428719376
-0.018383971093143145
0.004446393999935922
-0.021205466013407455
-0.018383971093143145
-0.09807704559343385
-0.10566185530096064
-0.18652842233669523
-0.06678820191190575
-0.10621279805052489
-0.1257420380283436
-0.05565578228039857
-0.019960064434853264
-0.10455633903073562
-0.05518738370240328
-0.018048815963536722
-0.07599245624058239
-0.05776828359892452
-0.01687748453892473
-0.029312193148922465
0.0008800233139260525
-0.012643906920985337
-0.009108629981119946
-0.08451210645810914
-0.0959822020752961
-0.112220262316773
-0.07935794700374284
-0.09299898427925692
-0.11376024197631077
-0.07815114360887662
-0.09299898427925692
-0.11463349499987953
-0.07815114360887662
-0.07836953475204274
-0.11576931704270983
-0.05052197614828618
-0.08532182950003053
-0.1147758595499904
0.0
0.0
-0.007218328672030159
0.0
0.0
-0.011066255328218288
-0.0040453185805786164
0.0
0.10476504641285203
-0.0040453185805786164
0.0
0.10476504641285203
0.0
0.0
0.006839437269155795
0.0
0.0
0.006839437269155795
0.0
0.0
0.07660085529094508
0.0
0.0
0.13630366297261545
0.0
0.0
0.018986150259239755
0.0
0.0
0.0
0.0
0.0
0.0
0.0
0.0
0.0077248326954949325
0.0
0.0
0.0
0.0
0.00031771107585459646
0.016125943731349165
0.0
-0.00016663381834845835
0.011785721969094195
-0.020625491016666515
-0.012546139568460967
-0.029694570216467
-0.023300678928381554
-0.01088972870421639
-0.010989280937850447
-0.01869878295490825
-0.013612975605900069
-0.00840725511580665
-0.019502623580880007
-0.006921270590467685
-0.01415066152175392
-0.008787719330195962
-0.008661539363973354
-0.0005700304783564509
-0.0069078435902624235
-0.004418212794853425
0.003582512527800699
-0.018445172525899063
-0.0029388693310366423
-0.002967054673173948
-0.017532467363582212
0.0
0.0
-0.018670054194609306
0.0
0.0
-0.017992561961685107
-0.0032935716658493777
0.0
-0.011811572653233463
-0.0032935716658493777
0.0
-0.006070532091809647
-0.0060562366565428865
0.0
-0.004532964797697154
-0.0060562366565428865
0.0
-0.004984150217997972
-0.0027626649906935087
0.0
-0.0010198281271645016
-0.0026893546569565175
0.0
8.702442962320593e-05
0.0
0.0
0.0014062393545304275
0.0
0.0
-0.00029433876528937473
0.0
0.0
-0.0053500464205113295
0.0
0.0
-0.0010677843128011056
0.0
0.0
1.3650998204646214e-05
0.0
0.0
-0.011454473860829475
-0.011752467366208422
0.0
-0.007127862388047687
-0.009452998647199031
-0.011897280755793958
-0.007127862388047687
-0.009452998647199031
-0.011897280755793958
-0.002930316437678719
0.0
0.0
0.008121914672008616
0.0
-0.007650551627103255
0.0051427682138421825
-0.00325510682744401
-0.007650551627103255
-0.002883701765485076
0.0
-0.007650551627103255
-0.00469916238134534
0.0
-0.007650551627103255
0.0009005005234565284
0.0
-0.007650551627103255
0.0009005005234565284
0.0
-0.007650551627103255
-0.00469916238134534
0.0
-0.007650551627103255
-0.003542332818475913
0.0
0.0
-0.002171918682671432
0.0
-0.0008025915833987085
4.661467219364054e-05
0.0
-0.007650551627103255
0.0013704141358044809
0.0
-0.0008025915833987085
0.0
-0.0016049112048358084
0.01838684637958597
-0.05400384776640699
0.0
-0.05941844421671967
-0.05400384776640699
0.0
-0.03277270856334656
-0.002979146458166433
-0.00325510682744401
0.0
-0.06118644053019299
0.0
0.0
0.0
0.0
0.0
0.0
0.0
0.0
0.0
0.0
0.0
0.0
0.0
0.0
0.0
0.0
0.0
0.0
0.0
0.0
0.0
0.0
0.0
0.0
0.0
0.0
0.0
0.0
0.0
0.0
0.0
0.0
0.0
0.0
0.0
0.0
0.0
0.0
0.0
0.0
0.0
0.0
0.0
0.0
0.0
0.0
0.0
0.0
0.0
0.0
0.0
0.0
0.0
0.0
0.0
0.0
0.0
0.0
0.0
0.0
0.0
0.0
0.0
0.0
0.0
0.0
0.0
0.0
0.0
0.0
0.0
0.0
0.0
0.0
0.0
0.0
0.0
0.0
0.0
0.0
0.0
0.0
0.0
0.0
0.0
0.0
0.0
0.0
0.0
0.0
0.0
0.0
0.0
0.0
0.0
0.0
0.0
0.0
0.0
0.0
0.0
0.0
0.0
0.0
0.0
0.0
0.0
0.0
0.0
0.0
0.0
0.0
0.0
0.0
0.0
0.0
0.0
0.0
0.0
0.0
0.0
0.0
0.0
0.0
0.0
0.0
0.0
0.0
0.0
0.0
0.0
0.0
0.0
0.0
0.0
0.0
0.0
0.0
0.0
0.0
0.0
0.0
0.0
0.0
0.0
0.0
0.0
0.0
0.0
0.0
0.0
0.0
0.0
0.0
0.0
0.0
0.0
0.0
0.0
0.0
0.0
0.0
0.0
0.0
0.0
0.0
0.0
0.0
0.0
0.0
0.0
0.0
0.0
0.0
0.0
0.0
0.0
0.0
0.0
0.0
0.0
0.0
0.0
0.0
0.0
0.0
0.0
0.0
0.0
0.0
0.0
0.0
0.0
0.0
0.0
0.0
0.0
0.0
0.0
0.0
0.0
0.0
0.0
0.0
0.0
0.0
0.0
0.0
0.0
0.0
0.0
0.0
0.0
0.0
0.0
0.0
0.0
0.0
0.0
0.0
0.0
0.0
0.0
0.0
0.0
0.0
0.0
0.0
0.0
0.0
0.0
0.0
0.0
0.0
0.0
0.0
0.0
0.0
0.0
0.0
0.0
0.0
0.0
0.0
0.0
0.0
0.0
0.0
0.0
0.0
0.0
0.0
0.0
0.0
0.0
0.0
0.0
0.0
0.0
0.0
0.0
0.0
0.0
0.0
0.0
0.0
0.0
0.0
0.0
0.0
0.0
0.0
0.0
0.0
0.0
0.0
0.0
0.0
0.0
0.0
0.0
0.0
0.0
0.0
0.0
0.0
0.0
0.0
0.0
0.0
0.0
0.0
0.0
0.0
0.0
0.0
0.0
0.0
0.0
0.0
0.0
0.0
0.0
0.0
0.0
0.0
0.0
0.0
0.0
0.0
0.0
0.0
0.0
0.0
0.0
0.0
0.0
0.0
0.0
0.0
0.0
0.0
0.0
0.0
0.0
0.0
0.0
0.0
0.0
0.0
0.0
0.0
0.0
0.0
0.0
0.0
0.0
0.0
0.0
0.0
0.0
0.0
0.0
0.0
0.0
0.0
0.0
0.0
0.0
0.0
0.0
0.0
0.0
0.0
0.0
0.0
0.0
0.0
0.0
0.0
0.0
0.0
0.0
0.0
0.0
0.0
0.0
0.0
0.0
0.0
0.0
0.0
0.0
0.0
0.0
0.0
0.0
0.0
0.0
0.0
0.0
0.0
0.0
0.0
0.0
0.0
0.0
0.0
0.0
0.0
0.0
0.0
0.0
0.0
0.0
0.0
0.0
0.0
0.0
0.0
0.0
0.0
0.0
0.0
0.0
0.0
0.0
0.0
0.0
0.0
0.0
0.0
0.0
0.0
0.0
0.0
0.0
0.0
0.0
0.0
0.0
0.0
0.0
0.0
0.0
0.0
0.0
0.0
0.0
0.0
0.0
0.0
0.0
0.0
0.0
0.0
0.0
0.0
0.0
0.0
0.0
0.0
0.0
0.0
0.0
0.0
0.0
0.0
0.0
0.0
0.0
0.0
0.0
0.0
0.0
0.0
0.0
0.0
0.0
0.0
0.0
0.0
0.0
0.0
0.0
0.0
0.0
0.0
0.0
0.0
0.0
0.0
0.0
0.0
0.0
0.0
0.0
0.0
0.0
0.0
0.0
0.0
0.0
0.0
0.0
0.0
0.0
0.0
0.0
0.0
0.0
0.0
0.0
0.0
0.0
0.0
0.0
0.0
0.0
0.0
0.0
0.0
0.0
0.0
0.0
0.0
0.0
0.0
0.0
0.0
0.0
0.0
0.0
0.0
0.0
0.0
0.0
0.0
0.0
0.0
0.0
0.0
0.0
0.0
0.0
0.0
0.0
0.0
0.0
0.0
0.0
0.0
0.0
0.0
0.0
0.0
0.0
0.0
0.0
0.0
0.0
0.0
0.0
0.0
0.0
0.0
0.0
0.0
0.0
0.0
0.0
0.0
0.0
0.0
0.0
0.0
0.0
0.0
0.0
0.0
0.0
0.0
0.0
0.0
0.0
0.0
0.0
0.0
0.0
0.0
0.0
0.0
0.0
0.0
0.0
0.0
0.0
0.0
0.0
0.0
0.0
0.0
0.0
0.0
0.0
0.0
0.0
0.0
0.0
0.0
0.0
0.0
0.0
0.0
0.0
0.0
0.0
0.0
0.0
0.0
0.0
0.0
0.0
0.0
0.0
0.0
0.0
0.0
0.0
0.0
0.0
0.0
0.0
0.0
0.0
0.0
0.0
0.0
0.0
0.0
0.0
0.0
0.0
0.0
0.0
0.0
0.0
0.0
0.0
0.0
0.0
0.0
0.0
0.0
0.0
0.0
0.0
0.0
0.0
0.0
0.0
0.0
0.0
0.0
0.0
0.0
0.0
0.0
0.0
0.0
0.0
0.0
0.0
0.0
0.0
0.0
0.0
0.0
0.0
0.0
0.0
0.0
0.0
0.0
0.0
0.0
0.0
0.0
0.0
0.0
0.0
0.0
0.0
0.0
0.0
0.0
0.0
0.0
0.0
0.0
0.0
0.0
0.0
0.0
0.0
0.0
0.0
0.0
0.0
0.0
0.0
0.0
0.0
0.0
0.0
0.0
0.0
0.0
0.0
0.0
0.0
0.0
0.0
0.0
0.0
0.0
0.0
0.0
0.0
0.0
0.0
0.0
0.0
0.0
0.0
0.0
0.0
0.0
0.0
0.0
0.0
0.0
0.0
0.0
0.0
0.0
0.0
0.0
0.0
0.0
0.0
0.0
0.0
0.0
0.0
0.0
0.0
0.0
0.0
0.0
0.0
0.0
0.0
0.0
0.0
0.0
0.0
0.0
0.0
0.0
0.0
0.0
0.0
0.0
0.0
0.0
0.0
0.0
0.0
0.0
0.0
0.0
0.0
0.0
0.0
0.0
0.0
0.0
0.0
0.0
0.0
0.0
0.0
0.0
0.0
0.0
0.0
0.0
0.0
0.0
0.0
0.0
0.0
0.0
0.0
0.0
0.0
0.0
0.0
0.0
0.0
0.0
0.0
0.0
0.0
0.0
0.0
0.0
0.0
0.0
0.0
0.0
0.0
0.0
0.0
0.0
0.0
0.0
0.0
0.0
0.0
0.0
0.0
0.0
0.0
0.0
0.0
0.0
0.0
0.0
0.0
0.0
0.0
0.0
0.0
0.0
0.0
0.0
0.0
0.0
0.0
0.0
0.0
0.0
0.0
0.0
0.0
0.0
0.0
0.0
0.0
0.0
0.0
0.0
0.0
0.0
0.0
0.0
0.0
0.0
0.0
0.0
0.0
0.0
0.0
0.0
0.0
0.0
0.0
0.0
0.0
0.0
0.0
0.0
0.0
0.0
0.0
0.0
0.0
0.0
0.0
0.0
0.0
0.0
0.0
0.0
0.0
0.0
0.0
0.0
0.0
0.0
0.0
0.0
0.0
0.0
0.0
0.0
0.0
0.0
0.0
0.0
0.0
0.0
0.0
0.0
0.0
0.0
0.0
0.0
0.0
0.0
0.0
0.0
0.0
0.0
0.0
0.0
0.0
0.0
0.0
0.0
0.0
0.0
0.0
0.0
0.0
0.0
0.0
0.0
0.0
0.0
0.0
0.0
0.0
0.0
0.0
0.0
0.0
0.0
0.0
0.0
0.0
0.0
0.0
0.0
0.0
0.0
0.0
0.0
0.0
0.0
0.0
0.0
0.0
0.0
0.0
0.0
0.0
0.0
0.0
0.0
0.0
0.0
0.0
0.0
0.0
0.0
0.0
0.0
0.0
0.0
0.0
0.0
0.0
0.0
0.0
0.0
0.0
0.0
0.0
0.0
0.0
0.0
0.0
0.0
0.0
0.0
0.0
0.0
0.0
0.0
0.0
0.0
0.0
0.0
0.0
0.0
0.0
0.0
0.0
0.0
0.0
0.0
0.0
0.0
0.0
0.0
0.0
0.0
0.0
0.0
0.0
0.0
0.0
0.0
0.0
0.0
0.0
0.0
0.0
0.0
0.0
0.0
0.0
0.0
0.0
0.0
0.0
0.0
0.0
0.0
0.0
0.0
0.0
0.0
0.0
0.0
0.0
0.0
0.0
0.0
0.0
0.0
0.0
0.0
0.0
0.0
0.0
0.0
0.0
0.0
0.0
0.0
0.0
0.0
0.0
0.0
0.0
0.0
0.0
0.0
0.0
0.0
0.0
0.0
0.0
0.0
0.0
0.0
0.0
0.0
0.0
0.0
0.0
0.0
0.0
0.0
0.0
0.0
0.0
0.0
0.0
0.0
0.0
0.0
0.0
0.0
0.0
0.0
0.0
0.0
0.0
0.0
0.0
0.0
0.0
0.0
0.0
0.0
0.0
0.0
0.0
0.0
0.0
0.0
0.0
0.0
0.0
0.0
0.0
0.0
0.0
0.0
0.0
0.0
0.0
0.0
0.0
0.0
0.0
0.0
0.0
0.0
0.0
0.0
0.0
0.0
0.0
0.0
0.0
0.0
0.0
0.0
0.0
0.0
0.0
0.0
0.0
0.0
0.0
0.0
0.0
0.0
0.0
0.0
0.0
0.0
0.0
0.0
0.0
0.0
0.0
0.0
0.0
0.0
0.0
0.0
0.0
0.0
0.0
0.0
0.0
0.0
0.0
0.0
0.0
0.0
0.0
0.0
0.0
0.0
0.0
0.0
0.0
0.0
0.0
0.0
0.0
0.0
0.0
0.0
0.0
0.0
0.0
0.0
0.0
0.0
0.0
0.0
0.0
0.0
0.0
0.0
0.0
0.0
0.0
0.0
0.0
0.0
0.0
0.0
0.0
0.0
0.0
0.0
0.0
0.0
0.0
0.0
0.0
0.0
0.0
0.0
0.0
0.0
0.0
0.0
0.0
0.0
0.0
0.0
0.0
0.0
0.0
0.0
0.0
0.0
0.0
0.0
0.0
0.0
0.0
0.0
0.0
0.0
0.0
0.0
0.0
0.0
0.0
0.0
0.0
0.0
0.0
0.0
0.0
0.0
0.0
0.0
0.0
0.0
0.0
0.0
0.0
0.0
0.0
0.0
0.0
0.0
0.0
0.0
0.0
0.0
0.0
0.0
0.0
0.0
0.0
0.0
0.0
0.0
0.0
0.0
0.0
0.0
0.0
0.0
0.0
0.0
0.0
0.0
0.0
0.0
0.0
0.0
0.0
0.0
0.0
0.0
0.0
0.0
0.0
0.0
0.0
0.0
0.0
0.0
0.0
0.0
0.0
0.0
0.0
0.0
0.0
0.0
0.0
0.0
0.0
0.0
0.0
0.0
0.0
0.0
0.0
0.0
0.0
0.0
0.0
0.0
0.0
0.0
0.0
0.0
0.0
0.0
0.0
0.0
0.0
0.0
0.0
0.0
0.0
0.0
0.0
0.0
0.0
0.0
0.0
0.0
0.0
0.0
0.0
0.0
0.0
0.0
0.0
0.0
0.0
0.0
0.0
0.0
0.0
0.0
0.0
0.0
0.0
0.0
0.0
0.0
0.0
0.0
0.0
0.0
0.0
0.0
0.0
0.0
0.0
0.0
0.0
0.0
0.0
0.0
0.0
0.0
0.0
0.0
0.0
0.0
0.0
0.0
0.0
0.0
0.0
0.0
0.0
0.0
0.0
0.0
0.0
0.0
0.0
0.0
0.0
0.0
0.0
0.0
0.0
0.0
0.0
0.0
0.0
0.0
0.0
0.0
0.0
0.0
0.0
0.0
0.0
0.0
0.0
0.0
0.0
0.0
0.0
0.0
0.0
0.0
0.0
0.0
0.0
0.0
0.0
0.0
0.0
0.0
0.0
0.0
0.0
0.0
0.0
0.0
0.0
0.0
0.0
0.0
0.0
0.0
0.0
0.0
0.0
0.0
0.0
0.0
0.0
0.0
0.0
0.0
0.0
0.0
0.0
0.0
0.0
0.0
0.0
0.0
0.0
0.0
0.0
0.0
0.0
0.0
0.0
0.0
0.0
0.0
0.0
0.0
0.0
0.0
0.0
0.0
0.0
0.0
0.0
0.0
0.0
0.0
0.0
0.0
0.0
0.0
0.0
0.0
0.0
0.0
0.0
0.0
0.0
0.0
0.0
0.0
0.0
0.0
0.0
0.0
0.0
0.0
0.0
0.0
0.0
0.0
0.0
0.0
0.0
0.0
0.0
0.0
0.0
0.0
0.0
0.0
0.0
0.0
0.0
0.0
0.0
0.0
0.0
0.0
0.0
0.0
0.0
0.0
0.0
0.0
0.0
0.0
0.0
0.0
0.0
0.0
0.0
0.0
0.0
0.0
0.0
0.0
0.0
0.0
0.0
0.0
0.0
0.0
0.0
0.0
0.0
0.0
0.0
0.0
0.0
0.0
0.0
0.0
0.0
0.0
0.0
0.0
0.0
0.0
0.0
0.0
0.0
0.0
0.0
0.0
0.0
0.0
0.0
0.0
0.0
0.0
0.0
0.0
0.0
0.0
0.0
0.0
0.0
0.0
0.0
0.0
0.0
0.0
0.0
0.0
0.0
0.0
0.0
0.0
0.0
0.0
0.0
0.0
0.0
0.0
0.0
0.0
0.0
0.0
0.0
0.0
0.0
0.0
0.0
0.0
0.0
0.0
0.0
0.0
0.0
0.0
0.0
0.0
0.0
0.0
0.0
0.0
0.0
0.0
0.0
0.0
0.0
0.0
0.0
0.0
0.0
0.0
0.0
0.0
0.0
0.0
0.0
0.0
0.0
0.0
0.0
0.0
0.0
0.0
0.0
0.0
0.0
0.0
0.0
0.0
0.0
0.0
0.0
0.0
0.0
0.0
0.0
0.0
0.0
0.0
0.0
0.0
0.0
0.0
0.0
0.0
0.0
0.0
0.0
0.0
0.0
0.0
0.0
0.0
0.0
0.0
0.0
0.0
0.0
0.0
0.0
0.0
0.0
0.0
0.0
0.0
0.0
0.0
0.0
0.0
0.0
0.0
0.0
0.0
0.0
0.0
0.0
0.0
0.0
0.0
0.0
0.0
0.0
0.0
0.0
0.0
0.0
0.0
0.0
0.0
0.0
0.0
0.0
0.0
0.0
0.0
0.0
0.0
0.0
0.0
0.0
0.0
0.0
0.0
0.0
0.0
0.0
0.0
0.0
0.0
0.0
0.0
0.0
0.0
0.0
0.0
0.0
0.0
0.0
0.0
0.0
0.0
0.0
0.0
0.0
0.0
0.0
0.0
0.0
0.0
0.0
0.0
0.0
0.0
0.0
0.0
0.0
0.0
0.0
0.0
0.0
0.0
0.0
0.0
0.0
0.0
0.0
0.0
0.0
0.0
0.0
0.0
0.0
0.0
0.0
0.0
0.0
0.0
0.0
0.0
0.0
0.0
0.0
0.0
0.0
0.0
0.0
0.0
0.0
0.0
0.0
0.0
0.0
0.0
0.0
0.0
0.0
0.0
0.0
0.0
0.0
0.0
0.0
0.0
0.0
0.0
0.0
0.0
0.0
0.0
0.0
0.0
0.0
0.0
0.0
0.0
0.0
0.0
0.0
0.0
0.0
0.0
0.0
0.0
0.0
0.0
0.0
0.0
0.0
0.0
0.0
0.0
0.0
0.0
0.0
0.0
0.0
0.0
0.0
0.0
0.0
0.0
0.0
0.0
0.0
0.0
0.0
0.0
0.0
0.0
0.0
0.0
0.0
0.0
0.0
0.0
0.0
0.0
0.0
0.0
0.0
0.0
0.0
0.0
0.0
0.0
0.0
0.0
0.0
0.0
0.0
0.0
0.0
0.0
0.0
0.0
0.0
0.0
0.0
0.0
0.0
0.0
0.0
0.0
0.0
0.0
0.0
0.0
0.0
0.0
0.0
0.0
0.0
0.0
0.0
0.0
0.0
0.0
0.0
0.0
0.0
0.0
0.0
0.0
0.0
0.0
0.0
0.0
0.0
0.0
0.0
0.0
0.0
0.0
0.0
0.0
0.0
0.0
0.0
0.0
0.0
0.0
0.0
0.0
0.0
0.0
0.0
0.0
0.0
0.0
0.0
0.0
0.0
0.0
0.0
0.0
0.0
0.0
0.0
0.0
0.0
0.0
0.0
0.0
0.0
0.0
0.0
0.0
0.0
0.0
0.0
0.0
0.0
0.0
0.0
0.0
0.0
0.0
0.0
0.0
0.0
0.0
0.0
0.0
0.0
0.0
0.0
0.0
0.0
0.0
0.0
0.0
0.0
0.0
0.0
0.0
0.0
0.0
0.0
0.0
0.0
0.0
0.0
0.0
0.0
0.0
0.0
0.0
0.0
0.0
0.0
0.0
0.0
0.0
0.0
0.0
0.0
0.0
0.0
0.0
0.0
0.0
0.0
0.0
0.0
0.0
0.0
0.0
0.0
0.0
0.0
0.0
0.0
0.0
0.0
0.0
0.0
0.0
0.0
0.0
0.0
0.0
0.0
0.0
0.0
0.0
0.0
0.0
0.0
0.0
0.0
0.0
0.0
0.0
0.0
0.0
0.0
0.0
0.0
0.0
0.0
0.0
0.0
0.0
0.0
0.0
0.0
0.0
0.0
0.0
0.0
0.0
0.0
0.0
0.0
0.0
0.0
0.0
0.0
0.0
0.0
0.0
0.0
0.0
0.0
0.0
0.0
0.0
0.0
0.0
0.0
0.0
0.0
0.0
0.0
0.0
0.0
0.0
0.0
0.0
0.0
0.0
0.0
0.0
0.0
0.0
0.0
0.0
0.0
0.0
0.0
0.0
0.0
0.0
0.0
0.0
0.0
0.0
0.0
0.0
0.0
0.0
0.0
0.0
0.0
0.0
0.0
0.0
0.0
0.0
0.0
0.0
0.0
0.0
0.0
0.0
0.0
0.0
0.0
0.0
0.0
0.0
0.0
0.0
0.0
0.0
0.0
0.0
0.0
0.0
0.0
0.0
0.0
0.0
0.0
0.0
0.0
0.0
0.0
0.0
0.0
0.0
0.0
0.0
0.0
0.0
0.0
0.0
0.0
0.0
0.0
0.0
0.0
0.0
0.0
0.0
0.0
0.0
0.0
0.0
0.0
0.0
0.0
0.0
0.0
0.0
0.0
0.0
0.0
0.0
0.0
0.0
0.0
0.0
0.0
0.0
0.0
0.0
0.0
0.0
0.0
0.0
0.0
0.0
0.0
0.0
0.0
0.0
0.0
0.0
0.0
0.0
0.0
0.0
0.0
0.0
0.0
0.0
0.0
0.0
0.0
0.0
0.0
0.0
0.0
0.0
0.0
0.0
0.0
0.0
0.0
0.0
0.0
0.0
0.0
0.0
0.0
0.0
0.0
0.0
0.0
0.0
0.0
0.0
0.0
0.0
0.0
0.0
0.0
0.0
0.0
0.0
0.0
0.0
0.0
0.0
0.0
0.0
0.0
0.0
0.0
0.0
0.0
0.0
0.0
0.0
0.0
0.0
0.0
0.0
0.0
0.0
0.0
0.0
0.0
0.0
0.0
0.0
0.0
0.0
0.0
0.0
0.0
0.0
0.0
0.0
0.0
0.0
0.0
0.0
0.0
0.0
0.0
0.0
0.0
0.0
0.0
0.0
0.0
0.0
0.0
0.0
0.0
0.0
0.0
0.0
0.0
0.0
0.0
0.0
0.0
0.0
0.0
0.0
0.0
0.0
0.0
0.0
0.0
0.0
0.0
0.0
0.0
0.0
0.0
0.0
0.0
0.0
0.0
0.0
0.0
0.0
0.0
0.0
0.0
0.0
0.0
0.0
0.0
0.0
0.0
0.0
0.0
0.0
0.0
0.0
0.0
0.0
0.0
0.0
0.0
0.0
0.0
0.0
0.0
0.0
0.0
0.0
0.0
0.0
0.0
0.0
0.0
0.0
0.0
0.0
0.0
0.0
0.0
0.0
0.0
0.0
0.0
0.0
0.0
0.0
0.0
0.0
0.0
0.0
0.0
0.0
0.0
0.0
0.0
0.0
0.0
0.0
0.0
0.0
0.0
0.0
0.0
0.0
0.0
0.0
0.0
0.0
0.0
0.0
0.0
0.0
0.0
0.0
0.0
0.0
0.0
0.0
0.0
0.0
0.0
0.0
0.0
0.0
0.0
0.0
0.0
0.0
0.0
0.0
0.0
0.0
0.0
0.0
0.0
0.0
0.0
0.0
0.0
0.0
0.0
0.0
0.0
0.0
0.0
0.0
0.0
0.0
0.0
0.0
0.0
0.0
0.0
0.0
0.0
0.0
0.0
0.0
0.0
0.0
0.0
0.0
0.0
0.0
0.0
0.0
0.0
0.0
0.0
0.0
0.0
0.0
0.0
0.0
0.0
0.0
0.0
0.0
0.0
0.0
0.0
0.0
0.0
0.0
0.0
0.0
0.0
0.0
0.0
0.0
0.0
0.0
0.0
0.0
0.0
0.0
0.0
0.0
0.0
0.0
0.0
0.0
0.0
0.0
0.0
0.0
0.0
0.0
0.0
0.0
0.0
0.0
0.0
0.0
0.0
0.0
0.0
0.0
0.0
0.0
0.0
0.0
0.0
0.0
0.0
0.0
0.0
0.0
0.0
0.0
0.0
0.0
0.0
0.0
0.0
0.0
0.0
0.0
0.0
0.0
0.0
0.0
0.0
0.0
0.0
0.0
0.0
0.0
0.0
0.0
0.0
0.0
0.0
0.0
0.0
0.0
0.0
0.0
0.0
0.0
0.0
0.0
0.0
0.0
0.0
0.0
0.0
0.0
0.0
0.0
0.0
0.0
0.0
0.0
0.0
0.0
0.0
0.0
0.0
0.0
0.0
0.0
0.0
0.0
0.0
0.0
0.0
0.0
0.0
0.0
0.0
0.0
0.0
0.0
0.0
0.0
0.0
0.0
0.0
0.0
0.0
0.0
0.0
0.0
0.0
0.0
0.0
0.0
0.0
0.0
0.0
0.0
0.0
0.0
0.0
0.0
0.0
0.0
0.0
0.0
0.0
0.0
0.0
0.0
0.0
0.0
0.0
0.0
0.0
0.0
0.0
0.0
0.0
0.0
0.0
0.0
0.0
0.0
0.0
0.0
0.0
0.0
0.0
0.0
0.0
0.0
0.0
0.0
0.0
0.0
0.0
0.0
0.0
0.0
0.0
0.0
0.0
0.0
0.0
0.0
0.0
0.0
0.0
0.0
0.0
0.0
0.0
0.0
0.0
0.0
0.0
0.0
0.0
0.0
0.0
0.0
0.0
0.0
0.0
0.0
0.0
0.0
0.0
0.0
0.0
0.0
0.0
0.0
0.0
0.0
0.0
0.0
0.0
0.0
0.0
0.0
0.0
0.0
0.0
0.0
0.0
0.0
0.0
0.0
0.0
0.0
0.0
0.0
0.0
0.0
0.0
0.0
0.0
0.0
0.0
0.0
0.0
0.0
0.0
0.0
0.0
0.0
0.0
0.0
0.0
0.0
0.0
0.0
0.0
0.0
0.0
0.0
0.0
0.0
0.0
0.0
0.0
0.0
0.0
0.0
0.0
0.0
0.0
0.0
0.0
0.0
0.0
0.0
0.0
0.0
0.0
0.0
0.0
0.0
0.0
0.0
0.0
0.0
0.0
0.0
0.0
0.0
0.0
0.0
0.0
0.0
0.0
0.0
0.0
0.0
0.0
0.0
0.0
0.0
0.0
0.0
0.0
0.0
0.0
0.0
0.0
0.0
0.0
0.0
0.0
0.0
0.0
0.0
0.0
0.0
0.0
0.0
0.0
0.0
0.0
0.0
0.0
0.0
0.0
0.0
0.0
0.0
0.0
0.0
0.0
0.0
0.0
0.0
0.0
0.0
0.0
0.0
0.0
0.0
0.0
0.0
0.0
0.0
0.0
0.0
0.0
0.0
0.0
0.0
0.0
0.0
0.0
0.0
0.0
0.0
0.0
0.0
0.0
0.0
0.0
0.0
0.0
0.0
0.0
0.0
0.0
0.0
0.0
0.0
0.0
0.0
0.0
0.0
0.0
0.0
0.0
0.0
0.0
0.0
0.0
0.0
0.0
0.0
0.0
0.0
0.0
0.0
0.0
0.0
0.0
0.0
0.0
0.0
0.0
0.0
0.0
0.0
0.0
0.0
0.0
0.0
0.0
0.0
0.0
0.0
0.0
0.0
0.0
0.0
0.0
0.0
0.0
0.0
0.0
0.0
0.0
0.0
0.0
0.0
0.0
0.0
0.0
0.0
0.0
0.0
0.0
0.0
0.0
0.0
0.0
0.0
0.0
0.0
0.0
0.0
0.0
0.0
0.0
0.0
0.0
0.0
0.0
0.0
0.0
0.0
0.0
0.0
0.0
0.0
0.0
0.0
0.0
0.0
0.0
0.0
0.0
0.0
0.0
0.0
0.0
0.0
0.0
0.0
0.0
0.0
0.0
0.0
0.0
0.0
0.0
0.0
0.0
0.0
0.0
0.0
0.0
0.0
0.0
0.0
0.0
0.0
0.0
0.0
0.0
0.0
0.0
0.0
0.0
0.0
0.0
0.0
0.0
0.0
0.0
0.0
0.0
0.0
0.0
0.0
0.0
0.0
0.0
0.0
0.0
0.0
0.0
0.0
0.0
0.0
0.0
0.0
0.0
0.0
0.0
0.0
0.0
0.0
0.0
0.0
0.0
0.0
0.0
0.0
0.0
0.0
0.0
0.0
0.0
0.0
0.0
0.0
0.0
0.0
0.0
0.0
0.0
0.0
0.0
0.0
0.0
0.0
0.0
0.0
0.0
0.0
0.0
0.0
0.0
0.0
0.0
0.0
0.0
0.0
0.0
0.0
0.0
0.0
0.0
0.0
0.0
0.0
0.0
0.0
0.0
0.0
0.0
0.0
0.0
0.0
0.0
0.0
0.0
0.0
0.0
0.0
0.0
0.0
0.0
0.0
0.0
0.0
0.0
0.0
0.0
0.0
0.0
0.0
0.0
0.0
0.0
0.0
0.0
0.0
0.0
0.0
0.0
0.0
0.0
0.0
0.0
0.0
0.0
0.0
0.0
0.0
0.0
0.0
0.0
0.0
0.0
0.0
0.0
0.0
0.0
0.0
0.0
0.0
0.0
0.0
0.0
0.0
0.0
0.0
0.0
0.0
0.0
0.0
0.0
0.0
0.0
0.0
0.0
0.0
0.0
0.0
0.0
0.0
0.0
0.0
0.0
0.0
0.0
0.0
0.0
0.0
0.0
0.0
0.0
0.0
0.0
0.0
0.0
0.0
0.0
0.0
0.0
0.0
0.0
0.0
0.0
0.0
0.0
0.0
0.0
0.0
0.0
0.0
0.0
0.0
0.0
0.0
0.0
0.0
0.0
0.0
0.0
0.0
0.0
0.0
0.0
0.0
0.0
0.0
0.0
0.0
0.0
0.0
0.0
0.0
0.0
0.0
0.0
0.0
0.0
0.0
0.0
0.0
0.0
0.0
0.0
0.0
0.0
0.0
0.0
0.0
0.0
0.0
0.0
0.0
0.0
0.0
0.0
0.0
0.0
0.0
0.0
0.0
0.0
0.0
0.0
0.0
0.0
0.0
0.0
0.0
0.0
0.0
0.0
0.0
0.0
0.0
0.0
0.0
0.0
0.0
0.0
0.0
0.0
0.0
0.0
0.0
0.0
0.0
0.0
0.0
0.0
0.0
0.0
0.0
0.0
0.0
0.0
0.0
0.0
0.0
0.0
0.0
0.0
0.0
0.0
0.0
0.0
0.0
0.0
0.0
0.0
0.0
0.0
0.0
0.0
0.0
0.0
0.0
0.0
0.0
0.0
0.0
0.0
0.0
0.0
0.0
0.0
0.0
0.0
0.0
0.0
0.0
0.0
0.0
0.0
0.0
0.0
0.0
0.0
0.0
0.0
0.0
0.0
0.0
0.0
0.0
0.0
0.0
0.0
0.0
0.0
0.0
0.0
0.0
0.0
0.0
0.0
0.0
0.0
0.0
0.0
0.0
0.0
0.0
0.0
0.0
0.0
0.0
0.0
0.0
0.0
0.0
0.0
0.0
0.0
0.0
0.0
0.0
0.0
0.0
0.0
0.0
0.0
0.0
0.0
0.0
0.0
0.0
0.0
0.0
0.0
0.0
0.0
0.0
0.0
0.0
0.0
0.0
0.0
0.0
0.0
0.0
0.0
0.0
0.0
0.0
0.0
0.0
0.0
0.0
0.0
0.0
0.0
0.0
0.0
0.0
0.0
0.0
0.0
0.0
0.0
0.0
0.0
0.0
0.0
0.0
0.0
0.0
0.0
0.0
0.0
0.0
0.0
0.0
0.0
0.0
0.0
0.0
0.0
0.0
0.0
0.0
0.0
0.0
0.0
0.0
0.0
0.0
0.0
0.0
0.0
0.0
0.0
0.0
0.0
0.0
0.0
0.0
0.0
0.0
0.0
0.0
0.0
0.0
0.0
0.0
0.0
0.0
0.0
0.0
0.0
0.0
0.0
0.0
0.0
0.0
0.0
0.0
0.0
0.0
0.0
0.0
0.0
0.0
0.0
0.0
0.0
0.0
0.0
0.0
0.0
0.0
0.0
0.0
0.0
0.0
0.0
0.0
0.0
0.0
0.0
0.0
0.0
0.0
0.0
0.0
0.0
0.0
0.0
0.0
0.0
0.0
0.0
0.0
0.0
0.0
0.0
0.0
0.0
0.0
0.0
0.0
0.0
0.0
0.0
0.0
0.0
0.0
0.0
0.0
0.0
0.0
0.0
0.0
0.0
0.0
0.0
0.0
0.0
0.0
0.0
0.0
0.0
0.0
0.0
0.0
0.0
0.0
0.0
0.0
0.0
0.0
0.0
0.0
0.0
0.0
0.0
0.0
0.0
0.0
0.0
0.0
0.0
0.0
0.0
0.0
0.0
0.0
0.0
0.0
0.0
0.0
0.0
0.0
0.0
0.0
0.0
0.0
0.0
0.0
0.0
0.0
0.0
0.0
0.0
0.0
0.0
0.0
0.0
0.0
0.0
0.0
0.0
0.0
0.0
0.0
0.0
0.0
0.0
0.0
0.0
0.0
0.0
0.0
0.0
0.0
0.0
0.0
0.0
0.0
0.0
0.0
0.0
0.0
0.0
0.0
0.0
0.0
0.0
0.0
0.0
0.0
0.0
0.0
0.0
0.0
0.0
0.0
0.0
0.0
0.0
0.0
0.0
0.0
0.0
0.0
0.0
0.0
0.0
0.0
0.0
0.0
0.0
0.0
0.0
0.0
0.0
0.0
0.0
0.0
0.0
0.0
0.0
0.0
0.0
0.0
0.0
0.0
0.0
0.0
0.0
0.0
0.0
0.0
0.0
0.0
0.0
0.0
0.0
0.0
0.0
0.0
0.0
0.0
0.0
0.0
0.0
0.0
0.0
0.0
0.0
